TN:
SF:./src/client/app/app.module.js
FN:1,(anonymous_1)
FNF:1
FNH:1
FNDA:1,(anonymous_1)
DA:1,1
DA:4,1
LF:2
LH:2
BRF:0
BRH:0
end_of_record
TN:
SF:./src/client/app/blocks/date/date.module.js
FN:1,(anonymous_1)
FNF:1
FNH:1
FNDA:1,(anonymous_1)
DA:1,1
DA:4,1
LF:2
LH:2
BRF:0
BRH:0
end_of_record
TN:
SF:./src/client/app/blocks/exception/exception.module.js
FN:1,(anonymous_1)
FNF:1
FNH:1
FNDA:1,(anonymous_1)
DA:1,1
DA:4,1
LF:2
LH:2
BRF:0
BRH:0
end_of_record
TN:
SF:./src/client/app/blocks/filters/filters.module.js
FN:1,(anonymous_1)
FNF:1
FNH:1
FNDA:1,(anonymous_1)
DA:1,1
DA:4,1
LF:2
LH:2
BRF:0
BRH:0
end_of_record
TN:
SF:./src/client/app/blocks/logger/logger.module.js
FN:1,(anonymous_1)
FNF:1
FNH:1
FNDA:1,(anonymous_1)
DA:1,1
DA:4,1
LF:2
LH:2
BRF:0
BRH:0
end_of_record
TN:
SF:./src/client/app/blocks/router/router.module.js
FN:1,(anonymous_1)
FNF:1
FNH:1
FNDA:1,(anonymous_1)
DA:1,1
DA:4,1
LF:2
LH:2
BRF:0
BRH:0
end_of_record
TN:
SF:./src/client/app/blocks/timer/timer.module.js
FN:1,(anonymous_1)
FNF:1
FNH:1
FNDA:1,(anonymous_1)
DA:1,1
DA:4,1
LF:2
LH:2
BRF:0
BRH:0
end_of_record
TN:
SF:./src/client/app/core/core.module.js
FN:1,(anonymous_1)
FNF:1
FNH:1
FNDA:1,(anonymous_1)
DA:1,1
DA:4,1
LF:2
LH:2
BRF:0
BRH:0
end_of_record
TN:
SF:./src/client/app/dashboard/dashboard.module.js
FN:1,(anonymous_1)
FNF:1
FNH:1
FNDA:1,(anonymous_1)
DA:1,1
DA:4,1
LF:2
LH:2
BRF:0
BRH:0
end_of_record
TN:
SF:./src/client/app/layout/layout.module.js
FN:1,(anonymous_1)
FNF:1
FNH:1
FNDA:1,(anonymous_1)
DA:1,1
DA:4,1
LF:2
LH:2
BRF:0
BRH:0
end_of_record
TN:
SF:./src/client/app/members/members.module.js
FN:1,(anonymous_1)
FNF:1
FNH:1
FNDA:1,(anonymous_1)
DA:1,1
DA:4,1
LF:2
LH:2
BRF:0
BRH:0
end_of_record
TN:
SF:./src/client/app/movies/movies.module.js
FN:1,(anonymous_1)
FNF:1
FNH:1
FNDA:1,(anonymous_1)
DA:1,1
DA:4,1
LF:2
LH:2
BRF:0
BRH:0
end_of_record
TN:
SF:./src/client/app/widgets/widgets.module.js
FN:1,(anonymous_1)
FNF:1
FNH:1
FNDA:1,(anonymous_1)
DA:1,1
DA:4,1
LF:2
LH:2
BRF:0
BRH:0
end_of_record
TN:
SF:./src/client/app/blocks/date/date.js
FN:1,(anonymous_1)
FN:9,date
FN:19,currentDate
FNF:3
FNH:3
FNDA:1,(anonymous_1)
FNDA:1,date
FNDA:1,currentDate
DA:1,1
DA:4,1
DA:9,1
DA:11,1
DA:15,1
DA:19,1
DA:20,1
DA:22,1
LF:8
LH:8
BRF:0
BRH:0
end_of_record
TN:
SF:./src/client/app/blocks/exception/exception-handler.provider.js
FN:3,(anonymous_1)
FN:14,exceptionHandlerProvider
FN:20,(anonymous_3)
FN:24,(anonymous_4)
FN:37,config
FN:50,extendExceptionHandler
FN:51,(anonymous_7)
FNF:7
FNH:7
FNDA:1,(anonymous_1)
FNDA:28,exceptionHandlerProvider
FNDA:25,(anonymous_3)
FNDA:30,(anonymous_4)
FNDA:28,config
FNDA:28,extendExceptionHandler
FNDA:4,(anonymous_7)
DA:3,1
DA:6,1
DA:14,1
DA:16,28
DA:20,28
DA:21,25
DA:24,28
DA:25,30
DA:29,1
DA:37,1
DA:38,28
DA:41,1
DA:50,1
DA:51,28
DA:52,4
DA:53,4
DA:54,4
DA:55,4
DA:65,0
LF:19
LH:18
BRDA:52,1,0,4
BRDA:52,1,1,0
BRF:2
BRH:1
end_of_record
TN:
SF:./src/client/app/blocks/exception/exception.js
FN:1,(anonymous_1)
FN:9,exception
FN:15,catcher
FN:16,(anonymous_4)
FNF:4
FNH:2
FNDA:1,(anonymous_1)
FNDA:4,exception
FNDA:0,catcher
FNDA:0,(anonymous_4)
DA:1,1
DA:4,1
DA:9,1
DA:10,4
DA:13,4
DA:15,1
DA:16,0
DA:17,0
DA:18,0
DA:19,0
DA:20,0
DA:21,0
DA:23,0
DA:24,0
DA:25,0
LF:15
LH:6
BRDA:19,1,0,0
BRDA:19,1,1,0
BRDA:19,2,0,0
BRDA:19,2,1,0
BRF:4
BRH:0
end_of_record
TN:
SF:./src/client/app/blocks/filters/notRentedMovies.js
FN:1,(anonymous_1)
FN:9,NotRentedMovies
FN:10,(anonymous_3)
FN:11,(anonymous_4)
FNF:4
FNH:1
FNDA:1,(anonymous_1)
FNDA:0,NotRentedMovies
FNDA:0,(anonymous_3)
FNDA:0,(anonymous_4)
DA:1,1
DA:4,1
DA:9,1
DA:10,0
DA:11,0
DA:12,0
DA:13,0
DA:14,0
LF:8
LH:3
BRDA:13,1,0,0
BRDA:13,1,1,0
BRF:2
BRH:0
end_of_record
TN:
SF:./src/client/app/blocks/filters/rentFilter.js
FN:1,(anonymous_1)
FN:9,rentFilter
FN:10,(anonymous_3)
FN:11,(anonymous_4)
FNF:4
FNH:1
FNDA:1,(anonymous_1)
FNDA:0,rentFilter
FNDA:0,(anonymous_3)
FNDA:0,(anonymous_4)
DA:1,1
DA:4,1
DA:9,1
DA:10,0
DA:11,0
DA:12,0
DA:13,0
LF:7
LH:3
BRDA:12,1,0,0
BRDA:12,1,1,0
BRF:2
BRH:0
end_of_record
TN:
SF:./src/client/app/blocks/filters/startFrom.js
FN:1,(anonymous_1)
FN:9,startFrom
FN:10,(anonymous_3)
FNF:3
FNH:1
FNDA:1,(anonymous_1)
FNDA:0,startFrom
FNDA:0,(anonymous_3)
DA:1,1
DA:4,1
DA:9,1
DA:10,0
DA:11,0
LF:5
LH:3
BRF:0
BRH:0
end_of_record
TN:
SF:./src/client/app/blocks/logger/logger.js
FN:1,(anonymous_1)
FN:11,logger
FN:27,error
FN:32,info
FN:37,success
FN:42,warning
FNF:6
FNH:3
FNDA:1,(anonymous_1)
FNDA:28,logger
FNDA:0,error
FNDA:0,info
FNDA:3,success
FNDA:0,warning
DA:1,1
DA:4,1
DA:8,1
DA:11,1
DA:12,28
DA:24,28
DA:27,1
DA:28,0
DA:29,0
DA:32,1
DA:33,0
DA:34,0
DA:37,1
DA:38,3
DA:39,3
DA:42,1
DA:43,0
DA:44,0
LF:18
LH:12
BRF:0
BRH:0
end_of_record
TN:
SF:./src/client/app/blocks/router/router-helper.provider.js
FN:2,(anonymous_1)
FN:11,routerHelperProvider
FN:24,(anonymous_3)
FN:31,RouterHelper
FN:51,configureStates
FN:52,(anonymous_6)
FN:63,handleRoutingErrors
FN:68,(anonymous_8)
FN:86,init
FN:91,getStates
FN:93,updateDocTitle
FN:95,(anonymous_12)
FNF:12
FNH:11
FNDA:1,(anonymous_1)
FNDA:20,routerHelperProvider
FNDA:20,(anonymous_3)
FNDA:20,RouterHelper
FNDA:27,configureStates
FNDA:27,(anonymous_6)
FNDA:20,handleRoutingErrors
FNDA:0,(anonymous_8)
FNDA:20,init
FNDA:3,getStates
FNDA:20,updateDocTitle
FNDA:17,(anonymous_12)
DA:2,1
DA:5,1
DA:9,1
DA:11,1
DA:13,20
DA:18,20
DA:19,0
DA:22,20
DA:24,20
DA:25,20
DA:28,20
DA:29,20
DA:31,1
DA:32,20
DA:33,20
DA:34,20
DA:39,20
DA:45,20
DA:47,20
DA:51,1
DA:52,27
DA:53,27
DA:55,27
DA:57,27
DA:58,20
DA:59,20
DA:63,1
DA:67,20
DA:69,0
DA:70,0
DA:72,0
DA:73,0
DA:74,0
DA:77,0
DA:80,0
DA:81,0
DA:86,1
DA:87,20
DA:88,20
DA:91,3
DA:93,1
DA:94,20
DA:96,17
DA:97,17
DA:98,17
DA:99,17
LF:46
LH:37
BRDA:18,1,0,0
BRDA:18,1,1,20
BRDA:18,2,0,20
BRDA:18,2,1,20
BRDA:54,3,0,27
BRDA:54,3,1,27
BRDA:57,4,0,20
BRDA:57,4,1,7
BRDA:57,5,0,27
BRDA:57,5,1,23
BRDA:69,6,0,0
BRDA:69,6,1,0
BRDA:74,7,0,0
BRDA:74,7,1,0
BRDA:74,7,2,0
BRDA:74,7,3,0
BRDA:74,7,4,0
BRDA:78,8,0,0
BRDA:78,8,1,0
BRDA:78,9,0,0
BRDA:78,9,1,0
BRDA:79,10,0,0
BRDA:79,10,1,0
BRDA:98,11,0,17
BRDA:98,11,1,0
BRF:25
BRH:10
end_of_record
TN:
SF:./src/client/app/blocks/timer/timer.js
FN:1,(anonymous_1)
FN:10,timer
FN:21,timerFormat
FNF:3
FNH:2
FNDA:1,(anonymous_1)
FNDA:1,timer
FNDA:0,timerFormat
DA:1,1
DA:4,1
DA:8,1
DA:10,1
DA:11,1
DA:13,1
DA:17,1
DA:21,1
DA:22,0
DA:23,0
DA:24,0
DA:26,0
DA:27,0
DA:30,0
DA:31,0
DA:34,0
LF:16
LH:8
BRDA:26,1,0,0
BRDA:26,1,1,0
BRDA:30,2,0,0
BRDA:30,2,1,0
BRF:4
BRH:0
end_of_record
TN:
SF:./src/client/app/core/config.js
FN:1,(anonymous_1)
FN:10,toastrConfig
FN:26,configure
FNF:3
FNH:3
FNDA:1,(anonymous_1)
FNDA:20,toastrConfig
FNDA:20,configure
DA:1,1
DA:4,1
DA:6,1
DA:8,1
DA:10,1
DA:11,20
DA:12,20
DA:15,1
DA:20,1
DA:22,1
DA:24,1
DA:26,1
DA:27,20
DA:28,20
DA:30,20
DA:31,20
LF:16
LH:16
BRDA:27,1,0,20
BRDA:27,1,1,0
BRF:2
BRH:1
end_of_record
TN:
SF:./src/client/app/core/constants.js
FN:2,(anonymous_1)
FNF:1
FNH:1
FNDA:1,(anonymous_1)
DA:2,1
DA:5,1
LF:2
LH:2
BRF:0
BRH:0
end_of_record
TN:
SF:./src/client/app/core/core.route.js
FN:1,(anonymous_1)
FN:9,appRun
FN:14,getStates
FNF:3
FNH:3
FNDA:1,(anonymous_1)
FNDA:20,appRun
FNDA:20,getStates
DA:1,1
DA:4,1
DA:9,1
DA:10,20
DA:11,20
DA:14,1
DA:15,20
LF:7
LH:7
BRF:0
BRH:0
end_of_record
TN:
SF:./src/client/app/core/dataservice.js
FN:1,(anonymous_1)
FN:10,dataservice
FN:24,setPeople
FN:30,getPeople
FN:40,getMovies
FN:45,(anonymous_6)
FN:53,updateMember
FN:60,(anonymous_8)
FN:66,movieRented
FN:73,(anonymous_10)
FN:77,(anonymous_11)
FN:96,success
FN:101,fail
FNF:13
FNH:3
FNDA:1,(anonymous_1)
FNDA:4,dataservice
FNDA:0,setPeople
FNDA:0,getPeople
FNDA:1,getMovies
FNDA:0,(anonymous_6)
FNDA:0,updateMember
FNDA:0,(anonymous_8)
FNDA:0,movieRented
FNDA:0,(anonymous_10)
FNDA:0,(anonymous_11)
FNDA:0,success
FNDA:0,fail
DA:1,1
DA:4,1
DA:8,1
DA:10,1
DA:12,4
DA:13,4
DA:22,4
DA:24,1
DA:25,0
DA:30,1
DA:31,0
DA:32,0
DA:34,0
DA:40,1
DA:41,1
DA:42,0
DA:44,1
DA:46,0
DA:47,0
DA:53,1
DA:54,0
DA:59,0
DA:61,0
DA:66,1
DA:67,0
DA:72,0
DA:74,0
DA:76,0
DA:77,0
DA:78,0
DA:79,0
DA:80,0
DA:85,0
DA:86,0
DA:87,0
DA:91,0
DA:96,1
DA:97,0
DA:98,0
DA:101,1
DA:102,0
LF:41
LH:16
BRDA:31,1,0,0
BRDA:31,1,1,0
BRDA:31,2,0,0
BRDA:31,2,1,0
BRDA:41,3,0,0
BRDA:41,3,1,1
BRDA:76,4,0,0
BRDA:76,4,1,0
BRDA:79,5,0,0
BRDA:79,5,1,0
BRDA:86,6,0,0
BRDA:86,6,1,0
BRF:12
BRH:1
end_of_record
TN:
SF:./src/client/app/dashboard/dashboard.controller.js
FN:1,(anonymous_1)
FN:10,DashboardController
FN:32,activate
FN:34,(anonymous_4)
FN:42,getMovies
FN:43,(anonymous_6)
FN:49,getPeople
FN:50,(anonymous_8)
FN:56,getMovieCount
FN:65,getRentedMovieObjects
FN:66,(anonymous_11)
FN:73,getTimerObj
FN:96,(anonymous_13)
FNF:13
FNH:5
FNDA:1,(anonymous_1)
FNDA:1,DashboardController
FNDA:1,activate
FNDA:0,(anonymous_4)
FNDA:1,getMovies
FNDA:0,(anonymous_6)
FNDA:1,getPeople
FNDA:0,(anonymous_8)
FNDA:0,getMovieCount
FNDA:0,getRentedMovieObjects
FNDA:0,(anonymous_11)
FNDA:0,getTimerObj
FNDA:0,(anonymous_13)
DA:1,1
DA:4,1
DA:8,1
DA:10,1
DA:11,1
DA:12,1
DA:13,1
DA:14,1
DA:16,1
DA:20,1
DA:21,1
DA:22,1
DA:23,1
DA:24,1
DA:25,1
DA:26,1
DA:27,1
DA:28,1
DA:30,1
DA:32,1
DA:33,1
DA:34,1
DA:35,0
DA:36,0
DA:37,0
DA:38,0
DA:42,1
DA:43,1
DA:44,0
DA:45,0
DA:49,1
DA:50,1
DA:51,0
DA:52,0
DA:56,1
DA:57,0
DA:58,0
DA:59,0
DA:62,0
DA:65,1
DA:66,0
DA:67,0
DA:68,0
DA:73,1
DA:74,0
DA:75,0
DA:77,0
DA:79,0
DA:84,0
DA:85,0
DA:87,0
DA:88,0
DA:89,0
DA:91,0
DA:92,0
DA:96,0
DA:97,0
DA:98,0
DA:99,0
DA:101,0
DA:102,0
LF:61
LH:29
BRDA:58,1,0,0
BRDA:58,1,1,0
BRDA:84,2,0,0
BRDA:84,2,1,0
BRDA:84,3,0,0
BRDA:84,3,1,0
BRDA:87,4,0,0
BRDA:87,4,1,0
BRDA:98,5,0,0
BRDA:98,5,1,0
BRF:10
BRH:0
end_of_record
TN:
SF:./src/client/app/dashboard/dashboard.route.js
FN:1,(anonymous_1)
FN:10,appRun
FN:14,getStates
FNF:3
FNH:3
FNDA:1,(anonymous_1)
FNDA:4,appRun
FNDA:4,getStates
DA:1,1
DA:4,1
DA:8,1
DA:10,1
DA:11,4
DA:14,1
DA:15,4
LF:7
LH:7
BRF:0
BRH:0
end_of_record
TN:
SF:./src/client/app/layout/ht-form-group.directive.js
FN:1,(anonymous_1)
FN:9,htFormGroup
FN:37,FormGroupController
FNF:3
FNH:1
FNDA:1,(anonymous_1)
FNDA:0,htFormGroup
FNDA:0,FormGroupController
DA:1,1
DA:4,1
DA:9,1
DA:11,0
DA:34,0
DA:37,1
DA:38,0
DA:41,0
LF:8
LH:4
BRF:0
BRH:0
end_of_record
TN:
SF:./src/client/app/layout/ht-sidebar.directive.js
FN:1,(anonymous_1)
FN:9,htSidebar
FN:25,link
FN:31,dropdown
FNF:4
FNH:4
FNDA:1,(anonymous_1)
FNDA:7,htSidebar
FNDA:7,link
FNDA:5,dropdown
DA:1,1
DA:4,1
DA:9,1
DA:16,7
DA:23,7
DA:25,1
DA:26,7
DA:27,7
DA:28,7
DA:29,7
DA:31,1
DA:32,5
DA:33,5
DA:34,5
DA:35,3
DA:36,3
DA:37,2
DA:38,2
DA:39,2
LF:19
LH:19
BRDA:34,1,0,3
BRDA:34,1,1,2
BRDA:37,2,0,2
BRDA:37,2,1,0
BRF:4
BRH:3
end_of_record
TN:
SF:./src/client/app/layout/ht-top-nav.directive.js
FN:1,(anonymous_1)
FN:9,htTopNav
FN:24,TopNavController
FNF:3
FNH:1
FNDA:1,(anonymous_1)
FNDA:0,htTopNav
FNDA:0,TopNavController
DA:1,1
DA:4,1
DA:9,1
DA:10,0
DA:21,0
DA:24,1
DA:25,0
DA:26,0
DA:29,0
LF:9
LH:4
BRF:0
BRH:0
end_of_record
TN:
SF:./src/client/app/layout/member-card.directive.js
FN:1,(anonymous_1)
FN:9,memberCard
FNF:2
FNH:1
FNDA:1,(anonymous_1)
FNDA:0,memberCard
DA:1,1
DA:4,1
DA:9,1
DA:11,0
DA:23,0
LF:5
LH:3
BRF:0
BRH:0
end_of_record
TN:
SF:./src/client/app/layout/membercard.controller.js
FN:1,(anonymous_1)
FN:10,MembercardController
FN:33,activate
FN:34,(anonymous_4)
FN:40,addMovie
FN:53,delMovie
FN:57,(anonymous_7)
FN:71,enableDel
FN:89,hideMember
FN:97,(anonymous_10)
FN:98,(anonymous_11)
FN:104,(anonymous_12)
FN:105,(anonymous_13)
FN:113,clickEvent
FN:123,searchMovies
FN:132,timing
FNF:16
FNH:1
FNDA:1,(anonymous_1)
FNDA:0,MembercardController
FNDA:0,activate
FNDA:0,(anonymous_4)
FNDA:0,addMovie
FNDA:0,delMovie
FNDA:0,(anonymous_7)
FNDA:0,enableDel
FNDA:0,hideMember
FNDA:0,(anonymous_10)
FNDA:0,(anonymous_11)
FNDA:0,(anonymous_12)
FNDA:0,(anonymous_13)
FNDA:0,clickEvent
FNDA:0,searchMovies
FNDA:0,timing
DA:1,1
DA:4,1
DA:8,1
DA:10,1
DA:11,0
DA:12,0
DA:13,0
DA:14,0
DA:15,0
DA:16,0
DA:18,0
DA:20,0
DA:21,0
DA:22,0
DA:23,0
DA:24,0
DA:25,0
DA:26,0
DA:27,0
DA:28,0
DA:29,0
DA:31,0
DA:33,1
DA:34,0
DA:35,0
DA:36,0
DA:40,1
DA:41,0
DA:42,0
DA:48,0
DA:49,0
DA:50,0
DA:53,1
DA:54,0
DA:55,0
DA:57,0
DA:58,0
DA:59,0
DA:61,0
DA:64,0
DA:65,0
DA:66,0
DA:67,0
DA:68,0
DA:71,1
DA:72,0
DA:73,0
DA:75,0
DA:76,0
DA:77,0
DA:79,0
DA:82,0
DA:83,0
DA:85,0
DA:89,1
DA:90,0
DA:91,0
DA:92,0
DA:93,0
DA:94,0
DA:96,0
DA:97,0
DA:98,0
DA:99,0
DA:102,0
DA:103,0
DA:104,0
DA:105,0
DA:106,0
DA:107,0
DA:113,1
DA:114,0
DA:115,0
DA:116,0
DA:118,0
DA:119,0
DA:120,0
DA:123,1
DA:124,0
DA:125,0
DA:126,0
DA:128,0
DA:132,1
DA:133,0
DA:135,0
DA:136,0
DA:138,0
DA:143,0
DA:144,0
LF:89
LH:12
BRDA:58,1,0,0
BRDA:58,1,1,0
BRDA:76,2,0,0
BRDA:76,2,1,0
BRDA:82,3,0,0
BRDA:82,3,1,0
BRDA:96,4,0,0
BRDA:96,4,1,0
BRDA:103,5,0,0
BRDA:103,5,1,0
BRDA:125,6,0,0
BRDA:125,6,1,0
BRDA:143,7,0,0
BRDA:143,7,1,0
BRF:14
BRH:0
end_of_record
TN:
SF:./src/client/app/layout/movie-card.directive.js
FN:1,(anonymous_1)
FN:9,movieCard
FNF:2
FNH:1
FNDA:1,(anonymous_1)
FNDA:0,movieCard
DA:1,1
DA:4,1
DA:9,1
DA:11,0
DA:21,0
LF:5
LH:3
BRF:0
BRH:0
end_of_record
TN:
SF:./src/client/app/layout/moviecard.controller.js
FN:1,(anonymous_1)
FN:10,MoviecardController
FN:19,hideMovie
FN:23,movieClicked
FNF:4
FNH:1
FNDA:1,(anonymous_1)
FNDA:0,MoviecardController
FNDA:0,hideMovie
FNDA:0,movieClicked
DA:1,1
DA:4,1
DA:8,1
DA:10,1
DA:11,0
DA:12,0
DA:14,0
DA:16,0
DA:17,0
DA:19,1
DA:20,0
DA:23,1
DA:24,0
DA:25,0
DA:27,0
DA:28,0
LF:16
LH:6
BRF:0
BRH:0
end_of_record
TN:
SF:./src/client/app/layout/shell.controller.js
FN:1,(anonymous_1)
FN:10,ShellController
FN:25,activate
FN:30,hideSplash
FN:32,(anonymous_5)
FNF:5
FNH:5
FNDA:1,(anonymous_1)
FNDA:3,ShellController
FNDA:3,activate
FNDA:3,hideSplash
FNDA:1,(anonymous_5)
DA:1,1
DA:4,1
DA:8,1
DA:10,1
DA:11,3
DA:12,3
DA:13,3
DA:14,3
DA:15,3
DA:23,3
DA:25,1
DA:26,3
DA:27,3
DA:30,1
DA:32,3
DA:33,1
LF:16
LH:16
BRF:0
BRH:0
end_of_record
TN:
SF:./src/client/app/layout/sidebar.controller.js
FN:1,(anonymous_1)
FN:10,SidebarController
FN:17,activate
FN:19,getNavRoutes
FN:20,(anonymous_5)
FN:22,(anonymous_6)
FN:27,isCurrent
FNF:7
FNH:6
FNDA:1,(anonymous_1)
FNDA:3,SidebarController
FNDA:3,activate
FNDA:3,getNavRoutes
FNDA:9,(anonymous_5)
FNDA:0,(anonymous_6)
FNDA:3,isCurrent
DA:1,1
DA:4,1
DA:8,1
DA:10,1
DA:11,3
DA:12,3
DA:13,3
DA:15,3
DA:17,3
DA:19,1
DA:20,3
DA:21,9
DA:23,0
DA:27,1
DA:28,3
DA:29,0
DA:31,3
DA:32,3
LF:18
LH:16
BRDA:21,1,0,9
BRDA:21,1,1,3
BRDA:28,2,0,0
BRDA:28,2,1,3
BRDA:28,3,0,3
BRDA:28,3,1,3
BRDA:28,3,2,3
BRDA:32,4,0,2
BRDA:32,4,1,1
BRF:9
BRH:8
end_of_record
TN:
SF:./src/client/app/members/members.controller.js
FN:1,(anonymous_1)
FN:10,MembersController
FN:28,activate
FN:30,(anonymous_4)
FN:35,getMembers
FN:36,(anonymous_6)
FN:42,onSubmit
FN:45,(anonymous_8)
FN:50,updateCache
FN:51,(anonymous_10)
FN:57,showMemberDetail
FNF:11
FNH:1
FNDA:1,(anonymous_1)
FNDA:0,MembersController
FNDA:0,activate
FNDA:0,(anonymous_4)
FNDA:0,getMembers
FNDA:0,(anonymous_6)
FNDA:0,onSubmit
FNDA:0,(anonymous_8)
FNDA:0,updateCache
FNDA:0,(anonymous_10)
FNDA:0,showMemberDetail
DA:1,1
DA:4,1
DA:7,1
DA:10,1
DA:11,0
DA:13,0
DA:15,0
DA:16,0
DA:17,0
DA:18,0
DA:19,0
DA:20,0
DA:21,0
DA:22,0
DA:23,0
DA:24,0
DA:26,0
DA:28,1
DA:29,0
DA:31,0
DA:35,1
DA:36,0
DA:37,0
DA:38,0
DA:42,1
DA:43,0
DA:44,0
DA:46,0
DA:50,1
DA:51,0
DA:52,0
DA:53,0
DA:57,1
DA:58,0
DA:59,0
DA:61,0
LF:36
LH:9
BRF:0
BRH:0
end_of_record
TN:
SF:./src/client/app/members/members.route.js
FN:1,(anonymous_1)
FN:10,appRun
FN:14,getStates
FNF:3
FNH:1
FNDA:1,(anonymous_1)
FNDA:0,appRun
FNDA:0,getStates
DA:1,1
DA:4,1
DA:8,1
DA:10,1
DA:11,0
DA:14,1
DA:15,0
LF:7
LH:5
BRF:0
BRH:0
end_of_record
TN:
SF:./src/client/app/movies/movies.controller.js
FN:1,(anonymous_1)
FN:10,MoviesController
FN:32,activate
FN:35,(anonymous_4)
FN:40,dates
FN:47,dateResolver
FN:57,getMovies
FN:58,(anonymous_8)
FN:64,showMovieDetail
FNF:9
FNH:1
FNDA:1,(anonymous_1)
FNDA:0,MoviesController
FNDA:0,activate
FNDA:0,(anonymous_4)
FNDA:0,dates
FNDA:0,dateResolver
FNDA:0,getMovies
FNDA:0,(anonymous_8)
FNDA:0,showMovieDetail
DA:1,1
DA:4,1
DA:8,1
DA:10,1
DA:11,0
DA:13,0
DA:15,0
DA:16,0
DA:17,0
DA:18,0
DA:26,0
DA:27,0
DA:28,0
DA:30,0
DA:32,1
DA:33,0
DA:34,0
DA:36,0
DA:40,1
DA:41,0
DA:43,0
DA:44,0
DA:47,1
DA:48,0
DA:51,0
DA:52,0
DA:54,0
DA:57,1
DA:58,0
DA:59,0
DA:60,0
DA:64,1
DA:65,0
DA:66,0
DA:68,0
LF:35
LH:9
BRF:0
BRH:0
end_of_record
TN:
SF:./src/client/app/movies/movies.route.js
FN:1,(anonymous_1)
FN:10,appRun
FN:14,getStates
FNF:3
FNH:1
FNDA:1,(anonymous_1)
FNDA:0,appRun
FNDA:0,getStates
DA:1,1
DA:4,1
DA:8,1
DA:10,1
DA:11,0
DA:14,1
DA:15,0
LF:7
LH:5
BRF:0
BRH:0
end_of_record
TN:
SF:./src/client/app/widgets/ht-img-person.directive.js
FN:1,(anonymous_1)
FN:10,htImgPerson
FN:21,link
FN:22,(anonymous_4)
FNF:4
FNH:1
FNDA:1,(anonymous_1)
FNDA:0,htImgPerson
FNDA:0,link
FNDA:0,(anonymous_4)
DA:1,1
DA:4,1
DA:8,1
DA:10,1
DA:13,0
DA:14,0
DA:15,0
DA:19,0
DA:21,1
DA:22,0
DA:23,0
DA:24,0
LF:12
LH:5
BRDA:23,1,0,0
BRDA:23,1,1,0
BRF:2
BRH:0
end_of_record
TN:
SF:./src/client/app/widgets/ht-widget-header.directive.js
FN:1,(anonymous_1)
FN:9,htWidgetHeader
FN:29,link
FN:30,(anonymous_4)
FNF:4
FNH:1
FNDA:1,(anonymous_1)
FNDA:0,htWidgetHeader
FNDA:0,link
FNDA:0,(anonymous_4)
DA:1,1
DA:4,1
DA:9,1
DA:16,0
DA:27,0
DA:29,1
DA:30,0
DA:31,0
DA:32,0
DA:33,0
LF:10
LH:4
BRDA:31,1,0,0
BRDA:31,1,1,0
BRF:2
BRH:0
end_of_record
